<?xml version="1.0" encoding="UTF-8"?>
<!-- Generated by org.testng.reporters.JUnitReportReporter -->
<testsuite skipped="0" hostname="Chris-Mkhontwana.wifi.hq.takealot.com" name="Logistics.SenerityDemo" tests="5" failures="0" timestamp="21 Feb 2019 11:47:24 GMT" time="0.011" errors="0">
  <testcase name="CreateMowbrayLocation" time="0.002" classname="Logistics.SenerityDemo"/>
  <testcase name="CreateWoodstockLocation" time="0.000" classname="Logistics.SenerityDemo"/>
  <testcase name="CreateLocationWithOutStreetName" time="0.005" classname="Logistics.SenerityDemo"/>
  <testcase name="CreateRondeboschLocation" time="0.001" classname="Logistics.SenerityDemo"/>
  <testcase name="printTestData" time="0.003" classname="Logistics.SenerityDemo"/>
</testsuite> <!-- Logistics.SenerityDemo -->
