<?xml version="1.0" encoding="UTF-8"?>
<!-- Generated by org.testng.reporters.JUnitReportReporter -->
<testsuite skipped="0" hostname="Chris-Mkhontwana.wifi.hq.takealot.com" name="Logistics.SenerityDemo" tests="3" failures="0" timestamp="20 Feb 2019 09:37:40 GMT" time="0.741" errors="0">
  <testcase name="printTestDataTwo" time="0.000" classname="Logistics.SenerityDemo"/>
  <testcase name="printTestData" time="0.741" classname="Logistics.SenerityDemo"/>
  <testcase name="printTestDataThree" time="0.000" classname="Logistics.SenerityDemo"/>
</testsuite> <!-- Logistics.SenerityDemo -->
