<?xml version="1.0" encoding="UTF-8"?>
<!-- Generated by org.testng.reporters.JUnitReportReporter -->
<testsuite skipped="0" hostname="Chris-Mkhontwana.wifi.hq.takealot.com" name="Logistics.SenerityDemo" tests="1" failures="0" timestamp="21 Feb 2019 08:52:53 GMT" time="0.715" errors="0">
  <testcase name="printTestData" time="0.715" classname="Logistics.SenerityDemo"/>
</testsuite> <!-- Logistics.SenerityDemo -->
