<?xml version="1.0" encoding="UTF-8"?>
<testsuite name="Logistics.SenerityDemo" tests="1" skipped="0" failures="0" errors="0" timestamp="2019-02-21T08:52:52" hostname="Chris-Mkhontwana.wifi.hq.takealot.com" time="0.715">
  <properties/>
  <testcase name="printTestData[0](public void Logistics.SenerityDemo.printTestData(java.lang.reflect.Method) throws java.io.IOException,org.apache.poi.openxml4j.exceptions.InvalidFormatException)" classname="Logistics.SenerityDemo" time="0.715"/>
  <system-out><![CDATA[Retrieving Sheets using for-each loop
=> Locations
Number of rows11
Number of columns15



We found our test : Creating a Mowbray location
   Key   :   Value 
 Test case : Creating a Mowbray location
 Street : 252 Main Road
 Suburb : Mowbray
 City : Cape Town
 Province : Western Cape
 PostalCode : 7700
 CountryCode : ZA
 AddressType : RESIDENTIAL
 BusinessName : est User
 ComplexDetails : created under client 2 hom
 Hub : MOW
 deliveryType : null
 goodsType : null
 authTime : null
 offerTime : null







]]></system-out>
  <system-err><![CDATA[]]></system-err>
</testsuite>
